<?xml version="1.0" encoding="UTF-8"?>
<testsuite xmlns:xsi="http://www.w3.org/2001/XMLSchema-instance" xsi:noNamespaceSchemaLocation="https://maven.apache.org/surefire/maven-surefire-plugin/xsd/surefire-test-report.xsd" name="com.company.DataInputTest" time="0.014" tests="2" errors="0" skipped="0" failures="0">
  <properties>
[...]
</properties>
  <testcase name="testInput{Double, String}[1]" classname="com.company.DataInputTest" time="0.002"/>
  <testcase name="testInput{Double, String}[2]" classname="com.company.DataInputTest" time="0.001"/>
</testsuite>